2024-10-05 10:47:04 0 [Note] Starting MariaDB 10.4.32-MariaDB source revision c4143f909528e3fab0677a28631d10389354c491 as process 26572
2024-10-05 10:47:04 0 [Note] InnoDB: Mutexes and rw_locks use Windows interlocked functions
2024-10-05 10:47:04 0 [Note] InnoDB: Uses event mutexes
2024-10-05 10:47:04 0 [Note] InnoDB: Compressed tables use zlib 1.3
2024-10-05 10:47:04 0 [Note] InnoDB: Number of pools: 1
2024-10-05 10:47:04 0 [Note] InnoDB: Using SSE2 crc32 instructions
2024-10-05 10:47:04 0 [Note] InnoDB: Initializing buffer pool, total size = 16M, instances = 1, chunk size = 16M
2024-10-05 10:47:04 0 [Note] InnoDB: Completed initialization of buffer pool
2024-10-05 10:47:04 0 [Note] InnoDB: Starting crash recovery from checkpoint LSN=300288
2024-10-05 10:47:04 0 [Note] InnoDB: 128 out of 128 rollback segments are active.
2024-10-05 10:47:04 0 [Note] InnoDB: Removed temporary tablespace data file: "ibtmp1"
2024-10-05 10:47:04 0 [Note] InnoDB: Creating shared tablespace for temporary tables
2024-10-05 10:47:04 0 [Note] InnoDB: Setting file 'C:\xampp\mysql\data\ibtmp1' size to 12 MB. Physically writing the file full; Please wait ...
2024-10-05 10:47:04 0 [Note] InnoDB: File 'C:\xampp\mysql\data\ibtmp1' size is now 12 MB.
2024-10-05 10:47:04 0 [Note] InnoDB: Waiting for purge to start
2024-10-05 10:47:04 0 [Note] InnoDB: 10.4.32 started; log sequence number 300297; transaction id 170
2024-10-05 10:47:04 0 [Note] InnoDB: Loading buffer pool(s) from C:\xampp\mysql\data\ib_buffer_pool
2024-10-05 10:47:04 0 [Note] Plugin 'FEEDBACK' is disabled.
2024-10-05 10:47:04 0 [Note] Server socket created on IP: '::'.
2024-10-05 15:20:58 0 [Note] Starting MariaDB 10.4.32-MariaDB source revision c4143f909528e3fab0677a28631d10389354c491 as process 25120
2024-10-05 15:20:58 0 [Note] InnoDB: Mutexes and rw_locks use Windows interlocked functions
2024-10-05 15:20:58 0 [Note] InnoDB: Uses event mutexes
2024-10-05 15:20:58 0 [Note] InnoDB: Compressed tables use zlib 1.3
2024-10-05 15:20:58 0 [Note] InnoDB: Number of pools: 1
2024-10-05 15:20:58 0 [Note] InnoDB: Using SSE2 crc32 instructions
2024-10-05 15:20:58 0 [Note] InnoDB: Initializing buffer pool, total size = 16M, instances = 1, chunk size = 16M
2024-10-05 15:20:58 0 [Note] InnoDB: Completed initialization of buffer pool
2024-10-05 15:20:58 0 [Note] InnoDB: Starting crash recovery from checkpoint LSN=317361
2024-10-05 15:20:59 0 [Note] InnoDB: 128 out of 128 rollback segments are active.
2024-10-05 15:20:59 0 [Note] InnoDB: Removed temporary tablespace data file: "ibtmp1"
2024-10-05 15:20:59 0 [Note] InnoDB: Creating shared tablespace for temporary tables
2024-10-05 15:20:59 0 [Note] InnoDB: Setting file 'C:\xampp\mysql\data\ibtmp1' size to 12 MB. Physically writing the file full; Please wait ...
2024-10-05 15:20:59 0 [Note] InnoDB: File 'C:\xampp\mysql\data\ibtmp1' size is now 12 MB.
2024-10-05 15:20:59 0 [Note] InnoDB: Waiting for purge to start
2024-10-05 15:20:59 0 [Note] InnoDB: 10.4.32 started; log sequence number 317370; transaction id 229
2024-10-05 15:20:59 0 [Note] InnoDB: Loading buffer pool(s) from C:\xampp\mysql\data\ib_buffer_pool
2024-10-05 15:20:59 0 [Note] Plugin 'FEEDBACK' is disabled.
2024-10-05 15:20:59 0 [Note] InnoDB: Buffer pool(s) load completed at 241005 15:20:59
2024-10-05 15:20:59 0 [Note] Server socket created on IP: '::'.
2024-10-06 15:40:12 0 [Note] Starting MariaDB 10.4.32-MariaDB source revision c4143f909528e3fab0677a28631d10389354c491 as process 25068
2024-10-06 15:40:12 0 [Note] InnoDB: Mutexes and rw_locks use Windows interlocked functions
2024-10-06 15:40:12 0 [Note] InnoDB: Uses event mutexes
2024-10-06 15:40:12 0 [Note] InnoDB: Compressed tables use zlib 1.3
2024-10-06 15:40:12 0 [Note] InnoDB: Number of pools: 1
2024-10-06 15:40:12 0 [Note] InnoDB: Using SSE2 crc32 instructions
2024-10-06 15:40:12 0 [Note] InnoDB: Initializing buffer pool, total size = 16M, instances = 1, chunk size = 16M
2024-10-06 15:40:12 0 [Note] InnoDB: Completed initialization of buffer pool
2024-10-06 15:40:12 0 [Note] InnoDB: Starting crash recovery from checkpoint LSN=317379
2024-10-06 15:40:13 0 [Note] InnoDB: 128 out of 128 rollback segments are active.
2024-10-06 15:40:13 0 [Note] InnoDB: Removed temporary tablespace data file: "ibtmp1"
2024-10-06 15:40:13 0 [Note] InnoDB: Creating shared tablespace for temporary tables
2024-10-06 15:40:13 0 [Note] InnoDB: Setting file 'C:\xampp\mysql\data\ibtmp1' size to 12 MB. Physically writing the file full; Please wait ...
2024-10-06 15:40:13 0 [Note] InnoDB: File 'C:\xampp\mysql\data\ibtmp1' size is now 12 MB.
2024-10-06 15:40:13 0 [Note] InnoDB: Waiting for purge to start
2024-10-06 15:40:13 0 [Note] InnoDB: 10.4.32 started; log sequence number 317388; transaction id 229
2024-10-06 15:40:13 0 [Note] InnoDB: Loading buffer pool(s) from C:\xampp\mysql\data\ib_buffer_pool
2024-10-06 15:40:13 0 [Note] Plugin 'FEEDBACK' is disabled.
2024-10-06 15:40:13 0 [Note] InnoDB: Buffer pool(s) load completed at 241006 15:40:13
2024-10-06 15:40:13 0 [Note] Server socket created on IP: '::'.
2024-10-06 15:40:16 0 [Note] Starting MariaDB 10.4.32-MariaDB source revision c4143f909528e3fab0677a28631d10389354c491 as process 16796
2024-10-06 15:40:16 0 [Note] InnoDB: Mutexes and rw_locks use Windows interlocked functions
2024-10-06 15:40:16 0 [Note] InnoDB: Uses event mutexes
2024-10-06 15:40:16 0 [Note] InnoDB: Compressed tables use zlib 1.3
2024-10-06 15:40:16 0 [Note] InnoDB: Number of pools: 1
2024-10-06 15:40:16 0 [Note] InnoDB: Using SSE2 crc32 instructions
2024-10-06 15:40:16 0 [Note] InnoDB: Initializing buffer pool, total size = 16M, instances = 1, chunk size = 16M
2024-10-06 15:40:16 0 [Note] InnoDB: Completed initialization of buffer pool
2024-10-06 15:40:16 0 [Note] InnoDB: Starting crash recovery from checkpoint LSN=317379
2024-10-06 15:40:16 0 [Note] InnoDB: 128 out of 128 rollback segments are active.
2024-10-06 15:40:16 0 [Note] InnoDB: Removed temporary tablespace data file: "ibtmp1"
2024-10-06 15:40:16 0 [Note] InnoDB: Creating shared tablespace for temporary tables
2024-10-06 15:40:16 0 [Note] InnoDB: Setting file 'C:\xampp\mysql\data\ibtmp1' size to 12 MB. Physically writing the file full; Please wait ...
2024-10-06 15:40:16 0 [Note] InnoDB: File 'C:\xampp\mysql\data\ibtmp1' size is now 12 MB.
2024-10-06 15:40:16 0 [Note] InnoDB: Waiting for purge to start
2024-10-06 15:40:16 0 [Note] InnoDB: 10.4.32 started; log sequence number 317388; transaction id 229
2024-10-06 15:40:16 0 [Note] InnoDB: Loading buffer pool(s) from C:\xampp\mysql\data\ib_buffer_pool
2024-10-06 15:40:16 0 [Note] Plugin 'FEEDBACK' is disabled.
2024-10-06 15:40:16 0 [Note] Server socket created on IP: '::'.
2024-10-06 19:33:33 0 [Note] Starting MariaDB 10.4.32-MariaDB source revision c4143f909528e3fab0677a28631d10389354c491 as process 31680
2024-10-06 19:33:33 0 [Note] InnoDB: Mutexes and rw_locks use Windows interlocked functions
2024-10-06 19:33:33 0 [Note] InnoDB: Uses event mutexes
2024-10-06 19:33:33 0 [Note] InnoDB: Compressed tables use zlib 1.3
2024-10-06 19:33:33 0 [Note] InnoDB: Number of pools: 1
2024-10-06 19:33:33 0 [Note] InnoDB: Using SSE2 crc32 instructions
2024-10-06 19:33:33 0 [Note] InnoDB: Initializing buffer pool, total size = 16M, instances = 1, chunk size = 16M
2024-10-06 19:33:33 0 [Note] InnoDB: Completed initialization of buffer pool
2024-10-06 19:33:33 0 [Note] InnoDB: Starting crash recovery from checkpoint LSN=317397
2024-10-06 19:33:33 0 [Note] InnoDB: 128 out of 128 rollback segments are active.
2024-10-06 19:33:33 0 [Note] InnoDB: Removed temporary tablespace data file: "ibtmp1"
2024-10-06 19:33:33 0 [Note] InnoDB: Creating shared tablespace for temporary tables
2024-10-06 19:33:33 0 [Note] InnoDB: Setting file 'C:\xampp\mysql\data\ibtmp1' size to 12 MB. Physically writing the file full; Please wait ...
2024-10-06 19:33:33 0 [Note] InnoDB: File 'C:\xampp\mysql\data\ibtmp1' size is now 12 MB.
2024-10-06 19:33:33 0 [Note] InnoDB: Waiting for purge to start
2024-10-06 19:33:33 0 [Note] InnoDB: 10.4.32 started; log sequence number 317406; transaction id 229
2024-10-06 19:33:33 0 [Note] InnoDB: Loading buffer pool(s) from C:\xampp\mysql\data\ib_buffer_pool
2024-10-06 19:33:33 0 [Note] Plugin 'FEEDBACK' is disabled.
2024-10-06 19:33:33 0 [Note] InnoDB: Buffer pool(s) load completed at 241006 19:33:33
2024-10-06 19:33:33 0 [Note] Server socket created on IP: '::'.
2024-10-07 11:27:18 0 [Note] Starting MariaDB 10.4.32-MariaDB source revision c4143f909528e3fab0677a28631d10389354c491 as process 11344
2024-10-07 11:27:18 0 [Note] InnoDB: Mutexes and rw_locks use Windows interlocked functions
2024-10-07 11:27:18 0 [Note] InnoDB: Uses event mutexes
2024-10-07 11:27:18 0 [Note] InnoDB: Compressed tables use zlib 1.3
2024-10-07 11:27:18 0 [Note] InnoDB: Number of pools: 1
2024-10-07 11:27:18 0 [Note] InnoDB: Using SSE2 crc32 instructions
2024-10-07 11:27:18 0 [Note] InnoDB: Initializing buffer pool, total size = 16M, instances = 1, chunk size = 16M
2024-10-07 11:27:18 0 [Note] InnoDB: Completed initialization of buffer pool
2024-10-07 11:27:18 0 [Note] InnoDB: Starting crash recovery from checkpoint LSN=335105
2024-10-07 11:27:18 0 [Note] InnoDB: 128 out of 128 rollback segments are active.
2024-10-07 11:27:18 0 [Note] InnoDB: Removed temporary tablespace data file: "ibtmp1"
2024-10-07 11:27:18 0 [Note] InnoDB: Creating shared tablespace for temporary tables
2024-10-07 11:27:18 0 [Note] InnoDB: Setting file 'C:\xampp\mysql\data\ibtmp1' size to 12 MB. Physically writing the file full; Please wait ...
2024-10-07 11:27:18 0 [Note] InnoDB: File 'C:\xampp\mysql\data\ibtmp1' size is now 12 MB.
2024-10-07 11:27:18 0 [Note] InnoDB: Waiting for purge to start
2024-10-07 11:27:18 0 [Note] InnoDB: 10.4.32 started; log sequence number 335114; transaction id 270
2024-10-07 11:27:18 0 [Note] InnoDB: Loading buffer pool(s) from C:\xampp\mysql\data\ib_buffer_pool
2024-10-07 11:27:18 0 [Note] Plugin 'FEEDBACK' is disabled.
2024-10-07 11:27:18 0 [Note] Server socket created on IP: '::'.
2024-10-07 11:27:41 0 [Note] Starting MariaDB 10.4.32-MariaDB source revision c4143f909528e3fab0677a28631d10389354c491 as process 14724
2024-10-07 11:27:41 0 [Note] InnoDB: Mutexes and rw_locks use Windows interlocked functions
2024-10-07 11:27:41 0 [Note] InnoDB: Uses event mutexes
2024-10-07 11:27:41 0 [Note] InnoDB: Compressed tables use zlib 1.3
2024-10-07 11:27:41 0 [Note] InnoDB: Number of pools: 1
2024-10-07 11:27:41 0 [Note] InnoDB: Using SSE2 crc32 instructions
2024-10-07 11:27:41 0 [Note] InnoDB: Initializing buffer pool, total size = 16M, instances = 1, chunk size = 16M
2024-10-07 11:27:41 0 [Note] InnoDB: Completed initialization of buffer pool
2024-10-07 11:27:41 0 [Note] InnoDB: Starting crash recovery from checkpoint LSN=335123
2024-10-07 11:27:41 0 [Note] InnoDB: 128 out of 128 rollback segments are active.
2024-10-07 11:27:41 0 [Note] InnoDB: Removed temporary tablespace data file: "ibtmp1"
2024-10-07 11:27:41 0 [Note] InnoDB: Creating shared tablespace for temporary tables
2024-10-07 11:27:41 0 [Note] InnoDB: Setting file 'C:\xampp\mysql\data\ibtmp1' size to 12 MB. Physically writing the file full; Please wait ...
2024-10-07 11:27:41 0 [Note] InnoDB: File 'C:\xampp\mysql\data\ibtmp1' size is now 12 MB.
2024-10-07 11:27:41 0 [Note] InnoDB: Waiting for purge to start
2024-10-07 11:27:41 0 [Note] InnoDB: 10.4.32 started; log sequence number 335132; transaction id 270
2024-10-07 11:27:41 0 [Note] InnoDB: Loading buffer pool(s) from C:\xampp\mysql\data\ib_buffer_pool
2024-10-07 11:27:41 0 [Note] Plugin 'FEEDBACK' is disabled.
2024-10-07 11:27:41 0 [Note] Server socket created on IP: '::'.
2024-10-15 12:41:35 0 [Note] Starting MariaDB 10.4.32-MariaDB source revision c4143f909528e3fab0677a28631d10389354c491 as process 3516
2024-10-15 12:41:35 0 [Note] InnoDB: Mutexes and rw_locks use Windows interlocked functions
2024-10-15 12:41:35 0 [Note] InnoDB: Uses event mutexes
2024-10-15 12:41:35 0 [Note] InnoDB: Compressed tables use zlib 1.3
2024-10-15 12:41:35 0 [Note] InnoDB: Number of pools: 1
2024-10-15 12:41:35 0 [Note] InnoDB: Using SSE2 crc32 instructions
2024-10-15 12:41:35 0 [Note] InnoDB: Initializing buffer pool, total size = 16M, instances = 1, chunk size = 16M
2024-10-15 12:41:35 0 [Note] InnoDB: Completed initialization of buffer pool
2024-10-15 12:41:35 0 [Note] InnoDB: Starting crash recovery from checkpoint LSN=335495
2024-10-15 12:41:36 0 [Note] InnoDB: 128 out of 128 rollback segments are active.
2024-10-15 12:41:36 0 [Note] InnoDB: Removed temporary tablespace data file: "ibtmp1"
2024-10-15 12:41:36 0 [Note] InnoDB: Creating shared tablespace for temporary tables
2024-10-15 12:41:36 0 [Note] InnoDB: Setting file 'C:\xampp\mysql\data\ibtmp1' size to 12 MB. Physically writing the file full; Please wait ...
2024-10-15 12:41:36 0 [Note] InnoDB: File 'C:\xampp\mysql\data\ibtmp1' size is now 12 MB.
2024-10-15 12:41:36 0 [Note] InnoDB: Waiting for purge to start
2024-10-15 12:41:36 0 [Note] InnoDB: 10.4.32 started; log sequence number 335504; transaction id 275
2024-10-15 12:41:36 0 [Note] InnoDB: Loading buffer pool(s) from C:\xampp\mysql\data\ib_buffer_pool
2024-10-15 12:41:36 0 [Note] Plugin 'FEEDBACK' is disabled.
2024-10-15 12:41:36 0 [Note] InnoDB: Buffer pool(s) load completed at 241015 12:41:36
2024-10-15 12:41:36 0 [Note] Server socket created on IP: '::'.
2024-10-17 12:00:23 0 [Note] Starting MariaDB 10.4.32-MariaDB source revision c4143f909528e3fab0677a28631d10389354c491 as process 19164
2024-10-17 12:00:23 0 [Note] InnoDB: Mutexes and rw_locks use Windows interlocked functions
2024-10-17 12:00:23 0 [Note] InnoDB: Uses event mutexes
2024-10-17 12:00:23 0 [Note] InnoDB: Compressed tables use zlib 1.3
2024-10-17 12:00:23 0 [Note] InnoDB: Number of pools: 1
2024-10-17 12:00:23 0 [Note] InnoDB: Using SSE2 crc32 instructions
2024-10-17 12:00:23 0 [Note] InnoDB: Initializing buffer pool, total size = 16M, instances = 1, chunk size = 16M
2024-10-17 12:00:23 0 [Note] InnoDB: Completed initialization of buffer pool
2024-10-17 12:00:23 0 [Note] InnoDB: Starting crash recovery from checkpoint LSN=335851
2024-10-17 12:00:24 0 [Note] InnoDB: 128 out of 128 rollback segments are active.
2024-10-17 12:00:24 0 [Note] InnoDB: Removed temporary tablespace data file: "ibtmp1"
2024-10-17 12:00:24 0 [Note] InnoDB: Creating shared tablespace for temporary tables
2024-10-17 12:00:24 0 [Note] InnoDB: Setting file 'C:\xampp\mysql\data\ibtmp1' size to 12 MB. Physically writing the file full; Please wait ...
2024-10-17 12:00:24 0 [Note] InnoDB: File 'C:\xampp\mysql\data\ibtmp1' size is now 12 MB.
2024-10-17 12:00:24 0 [Note] InnoDB: Waiting for purge to start
2024-10-17 12:00:24 0 [Note] InnoDB: 10.4.32 started; log sequence number 335860; transaction id 280
2024-10-17 12:00:24 0 [Note] InnoDB: Loading buffer pool(s) from C:\xampp\mysql\data\ib_buffer_pool
2024-10-17 12:00:24 0 [Note] Plugin 'FEEDBACK' is disabled.
2024-10-17 12:00:24 0 [Note] Server socket created on IP: '::'.
2024-10-17 14:20:02 0 [Note] Starting MariaDB 10.4.32-MariaDB source revision c4143f909528e3fab0677a28631d10389354c491 as process 18952
2024-10-17 14:20:02 0 [Note] InnoDB: Mutexes and rw_locks use Windows interlocked functions
2024-10-17 14:20:02 0 [Note] InnoDB: Uses event mutexes
2024-10-17 14:20:02 0 [Note] InnoDB: Compressed tables use zlib 1.3
2024-10-17 14:20:02 0 [Note] InnoDB: Number of pools: 1
2024-10-17 14:20:02 0 [Note] InnoDB: Using SSE2 crc32 instructions
2024-10-17 14:20:02 0 [Note] InnoDB: Initializing buffer pool, total size = 16M, instances = 1, chunk size = 16M
2024-10-17 14:20:02 0 [Note] InnoDB: Completed initialization of buffer pool
2024-10-17 14:20:02 0 [Note] InnoDB: Starting crash recovery from checkpoint LSN=335885
2024-10-17 14:20:02 0 [Note] InnoDB: 128 out of 128 rollback segments are active.
2024-10-17 14:20:02 0 [Note] InnoDB: Removed temporary tablespace data file: "ibtmp1"
2024-10-17 14:20:02 0 [Note] InnoDB: Creating shared tablespace for temporary tables
2024-10-17 14:20:02 0 [Note] InnoDB: Setting file 'C:\xampp\mysql\data\ibtmp1' size to 12 MB. Physically writing the file full; Please wait ...
2024-10-17 14:20:02 0 [Note] InnoDB: File 'C:\xampp\mysql\data\ibtmp1' size is now 12 MB.
2024-10-17 14:20:02 0 [Note] InnoDB: Waiting for purge to start
2024-10-17 14:20:02 0 [Note] InnoDB: 10.4.32 started; log sequence number 335894; transaction id 280
2024-10-17 14:20:02 0 [Note] InnoDB: Loading buffer pool(s) from C:\xampp\mysql\data\ib_buffer_pool
2024-10-17 14:20:02 0 [Note] Plugin 'FEEDBACK' is disabled.
2024-10-17 14:20:02 0 [Note] InnoDB: Buffer pool(s) load completed at 241017 14:20:02
2024-10-17 14:20:02 0 [Note] Server socket created on IP: '::'.
2024-11-01 11:45:44 0 [Note] Starting MariaDB 10.4.32-MariaDB source revision c4143f909528e3fab0677a28631d10389354c491 as process 1524
2024-11-01 11:45:44 0 [Note] InnoDB: Mutexes and rw_locks use Windows interlocked functions
2024-11-01 11:45:44 0 [Note] InnoDB: Uses event mutexes
2024-11-01 11:45:44 0 [Note] InnoDB: Compressed tables use zlib 1.3
2024-11-01 11:45:44 0 [Note] InnoDB: Number of pools: 1
2024-11-01 11:45:44 0 [Note] InnoDB: Using SSE2 crc32 instructions
2024-11-01 11:45:44 0 [Note] InnoDB: Initializing buffer pool, total size = 16M, instances = 1, chunk size = 16M
2024-11-01 11:45:44 0 [Note] InnoDB: Completed initialization of buffer pool
2024-11-01 11:45:44 0 [Note] InnoDB: Starting crash recovery from checkpoint LSN=335903
2024-11-01 11:45:45 0 [Note] InnoDB: 128 out of 128 rollback segments are active.
2024-11-01 11:45:45 0 [Note] InnoDB: Removed temporary tablespace data file: "ibtmp1"
2024-11-01 11:45:45 0 [Note] InnoDB: Creating shared tablespace for temporary tables
2024-11-01 11:45:45 0 [Note] InnoDB: Setting file 'C:\xampp\mysql\data\ibtmp1' size to 12 MB. Physically writing the file full; Please wait ...
2024-11-01 11:45:45 0 [Note] InnoDB: File 'C:\xampp\mysql\data\ibtmp1' size is now 12 MB.
2024-11-01 11:45:45 0 [Note] InnoDB: Waiting for purge to start
2024-11-01 11:45:45 0 [Note] InnoDB: 10.4.32 started; log sequence number 335912; transaction id 280
2024-11-01 11:45:45 0 [Note] InnoDB: Loading buffer pool(s) from C:\xampp\mysql\data\ib_buffer_pool
2024-11-01 11:45:45 0 [Note] Plugin 'FEEDBACK' is disabled.
2024-11-01 11:45:45 0 [Note] InnoDB: Buffer pool(s) load completed at 241101 11:45:45
2024-11-01 11:45:45 0 [Note] Server socket created on IP: '::'.
2024-11-01 13:25:39 0 [Note] Starting MariaDB 10.4.32-MariaDB source revision c4143f909528e3fab0677a28631d10389354c491 as process 23036
2024-11-01 13:25:39 0 [Note] InnoDB: Mutexes and rw_locks use Windows interlocked functions
2024-11-01 13:25:39 0 [Note] InnoDB: Uses event mutexes
2024-11-01 13:25:39 0 [Note] InnoDB: Compressed tables use zlib 1.3
2024-11-01 13:25:39 0 [Note] InnoDB: Number of pools: 1
2024-11-01 13:25:39 0 [Note] InnoDB: Using SSE2 crc32 instructions
2024-11-01 13:25:39 0 [Note] InnoDB: Initializing buffer pool, total size = 16M, instances = 1, chunk size = 16M
2024-11-01 13:25:39 0 [Note] InnoDB: Completed initialization of buffer pool
2024-11-01 13:25:39 0 [Note] InnoDB: Starting crash recovery from checkpoint LSN=401447
2024-11-01 13:25:39 0 [Note] InnoDB: 128 out of 128 rollback segments are active.
2024-11-01 13:25:39 0 [Note] InnoDB: Removed temporary tablespace data file: "ibtmp1"
2024-11-01 13:25:39 0 [Note] InnoDB: Creating shared tablespace for temporary tables
2024-11-01 13:25:39 0 [Note] InnoDB: Setting file 'C:\xampp\mysql\data\ibtmp1' size to 12 MB. Physically writing the file full; Please wait ...
2024-11-01 13:25:39 0 [Note] InnoDB: File 'C:\xampp\mysql\data\ibtmp1' size is now 12 MB.
2024-11-01 13:25:39 0 [Note] InnoDB: Waiting for purge to start
2024-11-01 13:25:39 0 [Note] InnoDB: 10.4.32 started; log sequence number 401456; transaction id 336
2024-11-01 13:25:39 0 [Note] InnoDB: Loading buffer pool(s) from C:\xampp\mysql\data\ib_buffer_pool
2024-11-01 13:25:39 0 [Note] Plugin 'FEEDBACK' is disabled.
2024-11-01 13:25:39 0 [Note] Server socket created on IP: '::'.
2024-11-02  8:30:47 0 [Note] Starting MariaDB 10.4.32-MariaDB source revision c4143f909528e3fab0677a28631d10389354c491 as process 11748
2024-11-02  8:30:47 0 [Note] InnoDB: Mutexes and rw_locks use Windows interlocked functions
2024-11-02  8:30:47 0 [Note] InnoDB: Uses event mutexes
2024-11-02  8:30:47 0 [Note] InnoDB: Compressed tables use zlib 1.3
2024-11-02  8:30:47 0 [Note] InnoDB: Number of pools: 1
2024-11-02  8:30:47 0 [Note] InnoDB: Using SSE2 crc32 instructions
2024-11-02  8:30:47 0 [Note] InnoDB: Initializing buffer pool, total size = 16M, instances = 1, chunk size = 16M
2024-11-02  8:30:47 0 [Note] InnoDB: Completed initialization of buffer pool
2024-11-02  8:30:47 0 [Note] InnoDB: Starting crash recovery from checkpoint LSN=422011
2024-11-02  8:30:48 0 [Note] InnoDB: 128 out of 128 rollback segments are active.
2024-11-02  8:30:48 0 [Note] InnoDB: Removed temporary tablespace data file: "ibtmp1"
2024-11-02  8:30:48 0 [Note] InnoDB: Creating shared tablespace for temporary tables
2024-11-02  8:30:48 0 [Note] InnoDB: Setting file 'C:\xampp\mysql\data\ibtmp1' size to 12 MB. Physically writing the file full; Please wait ...
2024-11-02  8:30:48 0 [Note] InnoDB: File 'C:\xampp\mysql\data\ibtmp1' size is now 12 MB.
2024-11-02  8:30:48 0 [Note] InnoDB: Waiting for purge to start
2024-11-02  8:30:48 0 [Note] InnoDB: 10.4.32 started; log sequence number 422020; transaction id 378
2024-11-02  8:30:48 0 [Note] InnoDB: Loading buffer pool(s) from C:\xampp\mysql\data\ib_buffer_pool
2024-11-02  8:30:48 0 [Note] Plugin 'FEEDBACK' is disabled.
2024-11-02  8:30:48 0 [Note] InnoDB: Buffer pool(s) load completed at 241102  8:30:48
2024-11-02  8:30:48 0 [Note] Server socket created on IP: '::'.
2024-11-02 12:17:26 0 [Note] Starting MariaDB 10.4.32-MariaDB source revision c4143f909528e3fab0677a28631d10389354c491 as process 33340
2024-11-02 12:17:26 0 [Note] InnoDB: Mutexes and rw_locks use Windows interlocked functions
2024-11-02 12:17:26 0 [Note] InnoDB: Uses event mutexes
2024-11-02 12:17:26 0 [Note] InnoDB: Compressed tables use zlib 1.3
2024-11-02 12:17:26 0 [Note] InnoDB: Number of pools: 1
2024-11-02 12:17:26 0 [Note] InnoDB: Using SSE2 crc32 instructions
2024-11-02 12:17:26 0 [Note] InnoDB: Initializing buffer pool, total size = 16M, instances = 1, chunk size = 16M
2024-11-02 12:17:26 0 [Note] InnoDB: Completed initialization of buffer pool
2024-11-02 12:17:26 0 [Note] InnoDB: Starting crash recovery from checkpoint LSN=422029
2024-11-02 12:17:26 0 [Note] InnoDB: 128 out of 128 rollback segments are active.
2024-11-02 12:17:26 0 [Note] InnoDB: Removed temporary tablespace data file: "ibtmp1"
2024-11-02 12:17:26 0 [Note] InnoDB: Creating shared tablespace for temporary tables
2024-11-02 12:17:26 0 [Note] InnoDB: Setting file 'C:\xampp\mysql\data\ibtmp1' size to 12 MB. Physically writing the file full; Please wait ...
2024-11-02 12:17:26 0 [Note] InnoDB: File 'C:\xampp\mysql\data\ibtmp1' size is now 12 MB.
2024-11-02 12:17:26 0 [Note] InnoDB: Waiting for purge to start
2024-11-02 12:17:26 0 [Note] InnoDB: 10.4.32 started; log sequence number 422038; transaction id 378
2024-11-02 12:17:26 0 [Note] InnoDB: Loading buffer pool(s) from C:\xampp\mysql\data\ib_buffer_pool
2024-11-02 12:17:26 0 [Note] Plugin 'FEEDBACK' is disabled.
2024-11-02 12:17:26 0 [Note] InnoDB: Buffer pool(s) load completed at 241102 12:17:26
2024-11-02 12:17:26 0 [Note] Server socket created on IP: '::'.
2024-11-03 11:30:47 0 [Note] Starting MariaDB 10.4.32-MariaDB source revision c4143f909528e3fab0677a28631d10389354c491 as process 13072
2024-11-03 11:30:47 0 [Note] InnoDB: Mutexes and rw_locks use Windows interlocked functions
2024-11-03 11:30:47 0 [Note] InnoDB: Uses event mutexes
2024-11-03 11:30:47 0 [Note] InnoDB: Compressed tables use zlib 1.3
2024-11-03 11:30:47 0 [Note] InnoDB: Number of pools: 1
2024-11-03 11:30:47 0 [Note] InnoDB: Using SSE2 crc32 instructions
2024-11-03 11:30:47 0 [Note] InnoDB: Initializing buffer pool, total size = 16M, instances = 1, chunk size = 16M
2024-11-03 11:30:47 0 [Note] InnoDB: Completed initialization of buffer pool
2024-11-03 11:30:47 0 [Note] InnoDB: Starting crash recovery from checkpoint LSN=456071
2024-11-03 11:30:48 0 [Note] InnoDB: 128 out of 128 rollback segments are active.
2024-11-03 11:30:48 0 [Note] InnoDB: Removed temporary tablespace data file: "ibtmp1"
2024-11-03 11:30:48 0 [Note] InnoDB: Creating shared tablespace for temporary tables
2024-11-03 11:30:48 0 [Note] InnoDB: Setting file 'C:\xampp\mysql\data\ibtmp1' size to 12 MB. Physically writing the file full; Please wait ...
2024-11-03 11:30:48 0 [Note] InnoDB: File 'C:\xampp\mysql\data\ibtmp1' size is now 12 MB.
2024-11-03 11:30:48 0 [Note] InnoDB: Waiting for purge to start
2024-11-03 11:30:48 0 [Note] InnoDB: 10.4.32 started; log sequence number 456080; transaction id 463
2024-11-03 11:30:48 0 [Note] InnoDB: Loading buffer pool(s) from C:\xampp\mysql\data\ib_buffer_pool
2024-11-03 11:30:48 0 [Note] Plugin 'FEEDBACK' is disabled.
2024-11-03 11:30:48 0 [Note] Server socket created on IP: '::'.
