10:47:00 AM  [main] 	Initializing Control Panel
10:47:00 AM  [main] 	Windows Version:  Home  64-bit
10:47:00 AM  [main] 	XAMPP Version: 8.2.12
10:47:00 AM  [main] 	Control Panel Version: 3.3.0  [ Compiled: Apr 6th 2021 ]
10:47:00 AM  [main] 	Running with Administrator rights - good!
10:47:00 AM  [main] 	XAMPP Installation Directory: "c:\xampp\"
10:47:00 AM  [main] 	Checking for prerequisites
10:47:00 AM  [main] 	All prerequisites found
10:47:00 AM  [main] 	Initializing Modules
10:47:00 AM  [main] 	Starting Check-Timer
10:47:00 AM  [main] 	Control Panel Ready
10:47:04 AM  [mysql] 	Attempting to start MySQL app...
10:47:04 AM  [mysql] 	Status change detected: running
12:48:59 PM  [mysql] 	Attempting to stop MySQL app...
12:48:59 PM  [mysql] 	Status change detected: stopped
3:20:58 PM  [mysql] 	Attempting to start MySQL app...
3:20:58 PM  [mysql] 	Status change detected: running
7:52:21 PM  [mysql] 	Attempting to stop MySQL app...
7:52:21 PM  [mysql] 	Status change detected: stopped
7:59:00 PM  [main] 	Deinitializing Modules
7:59:00 PM  [main] 	Deinitializing Control Panel

3:39:59 PM  [main] 	Initializing Control Panel
3:39:59 PM  [main] 	Windows Version:  Home  64-bit
3:39:59 PM  [main] 	XAMPP Version: 8.2.12
3:39:59 PM  [main] 	Control Panel Version: 3.3.0  [ Compiled: Apr 6th 2021 ]
3:39:59 PM  [main] 	Running with Administrator rights - good!
3:39:59 PM  [main] 	XAMPP Installation Directory: "c:\xampp\"
3:39:59 PM  [main] 	Checking for prerequisites
3:40:00 PM  [main] 	All prerequisites found
3:40:00 PM  [main] 	Initializing Modules
3:40:00 PM  [main] 	Starting Check-Timer
3:40:00 PM  [main] 	Control Panel Ready
3:40:12 PM  [mysql] 	Attempting to start MySQL app...
3:40:12 PM  [mysql] 	Status change detected: running
3:40:13 PM  [mysql] 	Status change detected: stopped
3:40:13 PM  [mysql] 	Error: MySQL shutdown unexpectedly.
3:40:13 PM  [mysql] 	This may be due to a blocked port, missing dependencies, 
3:40:13 PM  [mysql] 	improper privileges, a crash, or a shutdown by another method.
3:40:13 PM  [mysql] 	Press the Logs button to view error logs and check
3:40:13 PM  [mysql] 	the Windows Event Viewer for more clues
3:40:13 PM  [mysql] 	If you need more help, copy and post this
3:40:13 PM  [mysql] 	entire log window on the forums
3:40:16 PM  [mysql] 	Attempting to start MySQL app...
3:40:16 PM  [mysql] 	Status change detected: running
4:11:07 PM  [mysql] 	Attempting to stop MySQL app...
4:11:07 PM  [mysql] 	Status change detected: stopped
4:18:38 PM  [main] 	Deinitializing Modules
4:18:38 PM  [main] 	Deinitializing Control Panel

8:26:45 AM  [main] 	Initializing Control Panel
8:26:45 AM  [main] 	Windows Version:  Home  64-bit
8:26:45 AM  [main] 	XAMPP Version: 8.2.12
8:26:45 AM  [main] 	Control Panel Version: 3.3.0  [ Compiled: Apr 6th 2021 ]
8:26:45 AM  [main] 	Running with Administrator rights - good!
8:26:45 AM  [main] 	XAMPP Installation Directory: "c:\xampp\"
8:26:45 AM  [main] 	Checking for prerequisites
8:26:45 AM  [main] 	All prerequisites found
8:26:45 AM  [main] 	Initializing Modules
8:26:45 AM  [main] 	Starting Check-Timer
8:26:45 AM  [main] 	Control Panel Ready
8:26:46 AM  [Apache] 	Attempting to start Apache app...
8:26:46 AM  [Apache] 	Status change detected: running
8:32:50 AM  [Apache] 	Attempting to stop Apache (PID: 35784)
8:32:50 AM  [Apache] 	Attempting to stop Apache (PID: 32860)
8:32:50 AM  [Apache] 	Status change detected: stopped
8:32:53 AM  [Apache] 	Attempting to start Apache app...
8:32:53 AM  [Apache] 	Status change detected: running
8:54:04 AM  [Apache] 	Attempting to stop Apache (PID: 1532)
8:54:04 AM  [Apache] 	Attempting to stop Apache (PID: 32216)
8:54:04 AM  [Apache] 	Status change detected: stopped
9:13:28 AM  [main] 	Deinitializing Modules
9:13:28 AM  [main] 	Deinitializing Control Panel

11:27:16 AM  [main] 	Initializing Control Panel
11:27:16 AM  [main] 	Windows Version:  Home  64-bit
11:27:16 AM  [main] 	XAMPP Version: 8.2.12
11:27:16 AM  [main] 	Control Panel Version: 3.3.0  [ Compiled: Apr 6th 2021 ]
11:27:16 AM  [main] 	Running with Administrator rights - good!
11:27:16 AM  [main] 	XAMPP Installation Directory: "c:\xampp\"
11:27:16 AM  [main] 	Checking for prerequisites
11:27:16 AM  [main] 	All prerequisites found
11:27:16 AM  [main] 	Initializing Modules
11:27:16 AM  [main] 	Starting Check-Timer
11:27:16 AM  [main] 	Control Panel Ready
11:27:17 AM  [mysql] 	Attempting to start MySQL app...
11:27:17 AM  [mysql] 	Status change detected: running
11:27:34 AM  [mysql] 	Attempting to stop MySQL app...
11:27:34 AM  [mysql] 	Status change detected: stopped
11:27:41 AM  [mysql] 	Attempting to start MySQL app...
11:27:41 AM  [mysql] 	Status change detected: running
11:27:48 AM  [mysql] 	Attempting to stop MySQL app...
11:27:48 AM  [mysql] 	Status change detected: stopped
11:27:48 AM  [main] 	Deinitializing Modules
11:27:48 AM  [main] 	Deinitializing Control Panel

12:41:25 PM  [main] 	Initializing Control Panel
12:41:25 PM  [main] 	Windows Version:  Home  64-bit
12:41:25 PM  [main] 	XAMPP Version: 8.2.12
12:41:25 PM  [main] 	Control Panel Version: 3.3.0  [ Compiled: Apr 6th 2021 ]
12:41:25 PM  [main] 	Running with Administrator rights - good!
12:41:25 PM  [main] 	XAMPP Installation Directory: "c:\xampp\"
12:41:25 PM  [main] 	Checking for prerequisites
12:41:29 PM  [main] 	All prerequisites found
12:41:29 PM  [main] 	Initializing Modules
12:41:29 PM  [main] 	Starting Check-Timer
12:41:29 PM  [main] 	Control Panel Ready
12:41:31 PM  [Apache] 	Attempting to start Apache app...
12:41:31 PM  [Apache] 	Status change detected: running
12:41:34 PM  [mysql] 	Attempting to start MySQL app...
12:41:35 PM  [mysql] 	Status change detected: running
12:45:51 PM  [mysql] 	Attempting to stop MySQL app...
12:45:51 PM  [Apache] 	Attempting to stop Apache (PID: 21208)
12:45:51 PM  [Apache] 	Attempting to stop Apache (PID: 22948)
12:45:51 PM  [Apache] 	Status change detected: stopped
12:45:51 PM  [mysql] 	Status change detected: stopped
12:46:02 PM  [main] 	Deinitializing Modules
12:46:02 PM  [main] 	Deinitializing Control Panel

12:00:18 PM  [main] 	Initializing Control Panel
12:00:18 PM  [main] 	Windows Version:  Home  64-bit
12:00:18 PM  [main] 	XAMPP Version: 8.2.12
12:00:18 PM  [main] 	Control Panel Version: 3.3.0  [ Compiled: Apr 6th 2021 ]
12:00:18 PM  [main] 	Running with Administrator rights - good!
12:00:18 PM  [main] 	XAMPP Installation Directory: "c:\xampp\"
12:00:18 PM  [main] 	Checking for prerequisites
12:00:19 PM  [main] 	All prerequisites found
12:00:19 PM  [main] 	Initializing Modules
12:00:19 PM  [main] 	Starting Check-Timer
12:00:19 PM  [main] 	Control Panel Ready
12:00:20 PM  [Apache] 	Attempting to start Apache app...
12:00:20 PM  [Apache] 	Status change detected: running
12:00:23 PM  [mysql] 	Attempting to start MySQL app...
12:00:23 PM  [mysql] 	Status change detected: running
12:17:01 PM  [mysql] 	Attempting to stop MySQL app...
12:17:01 PM  [Apache] 	Attempting to stop Apache (PID: 22452)
12:17:01 PM  [Apache] 	Attempting to stop Apache (PID: 7744)
12:17:02 PM  [Apache] 	Status change detected: stopped
12:17:02 PM  [mysql] 	Status change detected: stopped
12:33:53 PM  [main] 	Deinitializing Modules
12:33:53 PM  [main] 	Deinitializing Control Panel

2:19:42 PM  [main] 	Initializing Control Panel
2:19:42 PM  [main] 	Windows Version:  Home  64-bit
2:19:42 PM  [main] 	XAMPP Version: 8.2.12
2:19:42 PM  [main] 	Control Panel Version: 3.3.0  [ Compiled: Apr 6th 2021 ]
2:19:42 PM  [main] 	Running with Administrator rights - good!
2:19:42 PM  [main] 	XAMPP Installation Directory: "c:\xampp\"
2:19:42 PM  [main] 	Checking for prerequisites
2:19:43 PM  [main] 	All prerequisites found
2:19:43 PM  [main] 	Initializing Modules
2:19:43 PM  [main] 	Starting Check-Timer
2:19:43 PM  [main] 	Control Panel Ready
2:20:01 PM  [mysql] 	Attempting to start MySQL app...
2:20:01 PM  [mysql] 	Status change detected: running
2:20:01 PM  [Apache] 	Attempting to start Apache app...
2:20:02 PM  [Apache] 	Status change detected: running
2:20:37 PM  [mysql] 	Attempting to stop MySQL app...
2:20:38 PM  [Apache] 	Attempting to stop Apache (PID: 14508)
2:20:38 PM  [Apache] 	Attempting to stop Apache (PID: 21780)
2:20:38 PM  [Apache] 	Status change detected: stopped
2:20:38 PM  [mysql] 	Status change detected: stopped
6:15:22 PM  [main] 	Deinitializing Modules
6:15:22 PM  [main] 	Deinitializing Control Panel

11:45:36 AM  [main] 	Initializing Control Panel
11:45:36 AM  [main] 	Windows Version:  Home  64-bit
11:45:36 AM  [main] 	XAMPP Version: 8.2.12
11:45:36 AM  [main] 	Control Panel Version: 3.3.0  [ Compiled: Apr 6th 2021 ]
11:45:36 AM  [main] 	Running with Administrator rights - good!
11:45:36 AM  [main] 	XAMPP Installation Directory: "c:\xampp\"
11:45:36 AM  [main] 	Checking for prerequisites
11:45:37 AM  [main] 	All prerequisites found
11:45:37 AM  [main] 	Initializing Modules
11:45:37 AM  [main] 	Starting Check-Timer
11:45:37 AM  [main] 	Control Panel Ready
11:45:41 AM  [Apache] 	Attempting to start Apache app...
11:45:41 AM  [Apache] 	Status change detected: running
11:45:44 AM  [mysql] 	Attempting to start MySQL app...
11:45:44 AM  [mysql] 	Status change detected: running
12:43:07 PM  [Apache] 	Attempting to stop Apache (PID: 7520)
12:43:07 PM  [Apache] 	Attempting to stop Apache (PID: 2232)
12:43:08 PM  [Apache] 	Status change detected: stopped
12:43:08 PM  [mysql] 	Attempting to stop MySQL app...
12:43:08 PM  [mysql] 	Status change detected: stopped
1:06:01 PM  [main] 	Deinitializing Modules
1:06:01 PM  [main] 	Deinitializing Control Panel

1:25:37 PM  [main] 	Initializing Control Panel
1:25:37 PM  [main] 	Windows Version:  Home  64-bit
1:25:37 PM  [main] 	XAMPP Version: 8.2.12
1:25:37 PM  [main] 	Control Panel Version: 3.3.0  [ Compiled: Apr 6th 2021 ]
1:25:37 PM  [main] 	Running with Administrator rights - good!
1:25:37 PM  [main] 	XAMPP Installation Directory: "c:\xampp\"
1:25:37 PM  [main] 	Checking for prerequisites
1:25:37 PM  [main] 	All prerequisites found
1:25:37 PM  [main] 	Initializing Modules
1:25:37 PM  [main] 	Starting Check-Timer
1:25:37 PM  [main] 	Control Panel Ready
1:25:39 PM  [mysql] 	Attempting to start MySQL app...
1:25:39 PM  [mysql] 	Status change detected: running
1:32:53 PM  [Tomcat] 	Status change detected: running
7:19:41 PM  [Tomcat] 	Status change detected: stopped
7:20:45 PM  [mysql] 	Attempting to stop MySQL app...
7:20:46 PM  [mysql] 	Status change detected: stopped
7:20:48 PM  [main] 	Deinitializing Modules
7:20:48 PM  [main] 	Deinitializing Control Panel

8:30:31 AM  [main] 	Initializing Control Panel
8:30:31 AM  [main] 	Windows Version:  Home  64-bit
8:30:31 AM  [main] 	XAMPP Version: 8.2.12
8:30:31 AM  [main] 	Control Panel Version: 3.3.0  [ Compiled: Apr 6th 2021 ]
8:30:31 AM  [main] 	Running with Administrator rights - good!
8:30:31 AM  [main] 	XAMPP Installation Directory: "c:\xampp\"
8:30:31 AM  [main] 	Checking for prerequisites
8:30:32 AM  [main] 	All prerequisites found
8:30:32 AM  [main] 	Initializing Modules
8:30:32 AM  [main] 	Starting Check-Timer
8:30:32 AM  [main] 	Control Panel Ready
8:30:47 AM  [mysql] 	Attempting to start MySQL app...
8:30:47 AM  [mysql] 	Status change detected: running
8:31:09 AM  [Tomcat] 	Status change detected: running
8:49:40 AM  [Tomcat] 	Status change detected: stopped
8:50:32 AM  [mysql] 	Attempting to stop MySQL app...
8:50:32 AM  [mysql] 	Status change detected: stopped
8:56:43 AM  [main] 	Deinitializing Modules
8:56:43 AM  [main] 	Deinitializing Control Panel

12:17:20 PM  [main] 	Initializing Control Panel
12:17:20 PM  [main] 	Windows Version:  Home  64-bit
12:17:20 PM  [main] 	XAMPP Version: 8.2.12
12:17:20 PM  [main] 	Control Panel Version: 3.3.0  [ Compiled: Apr 6th 2021 ]
12:17:20 PM  [main] 	Running with Administrator rights - good!
12:17:20 PM  [main] 	XAMPP Installation Directory: "c:\xampp\"
12:17:20 PM  [main] 	Checking for prerequisites
12:17:21 PM  [main] 	All prerequisites found
12:17:21 PM  [main] 	Initializing Modules
12:17:21 PM  [main] 	Starting Check-Timer
12:17:21 PM  [main] 	Control Panel Ready
12:17:24 PM  [Apache] 	Attempting to start Apache app...
12:17:24 PM  [Apache] 	Status change detected: running
12:17:26 PM  [mysql] 	Attempting to start MySQL app...
12:17:26 PM  [mysql] 	Status change detected: running
4:39:09 PM  [mysql] 	Attempting to stop MySQL app...
4:39:09 PM  [mysql] 	Status change detected: stopped
4:39:09 PM  [Apache] 	Attempting to stop Apache (PID: 32704)
4:39:09 PM  [Apache] 	Attempting to stop Apache (PID: 32192)
4:39:09 PM  [Apache] 	Status change detected: stopped
5:40:13 PM  [main] 	Deinitializing Modules
5:40:13 PM  [main] 	Deinitializing Control Panel

